<?xml version="1.0" encoding="UTF-8"?>
<!-- Generated by org.testng.reporters.JUnitReportReporter -->
<testsuite hostname="User" failures="0" tests="11" name="testNGbasics.DataDrivenTesting" time="155.618" errors="0" timestamp="2023-06-18T23:25:15 EDT" skipped="0">
  <testcase classname="testNGbasics.DataDrivenTesting" name="negativeSearchFunctionalityTest" time="12.714"/>
  <testcase classname="testNGbasics.DataDrivenTesting" name="negativeSearchFunctionalityTest" time="11.282"/>
  <testcase classname="testNGbasics.DataDrivenTesting" name="positiveSearchFunctionalityTestHittingEnterKey" time="13.620"/>
  <testcase classname="testNGbasics.DataDrivenTesting" name="positiveSearchFunctionalityTestHittingEnterKey" time="16.363"/>
  <testcase classname="testNGbasics.DataDrivenTesting" name="positiveSearchFunctionalityTest" time="11.618"/>
  <testcase classname="testNGbasics.DataDrivenTesting" name="positiveSearchFunctionalityTest" time="12.823"/>
  <testcase classname="testNGbasics.DataDrivenTesting" name="negativeSearchFunctionalityTest" time="15.232"/>
  <testcase classname="testNGbasics.DataDrivenTesting" name="positiveSearchFunctionalityTest" time="17.227"/>
  <testcase classname="testNGbasics.DataDrivenTesting" name="positiveSearchFunctionalityTestHittingEnterKey" time="13.729"/>
  <testcase classname="testNGbasics.DataDrivenTesting" name="positiveSearchFunctionalityTest" time="14.752"/>
  <testcase classname="testNGbasics.DataDrivenTesting" name="positiveSearchFunctionalityTest" time="16.258"/>
</testsuite> <!-- testNGbasics.DataDrivenTesting -->
