<?xml version="1.0" encoding="UTF-8"?>
<!-- Generated by org.testng.reporters.JUnitReportReporter -->
<testsuite hostname="User" failures="0" tests="2" name="testNGbasics.Annotations" time="0.187" errors="0" timestamp="2023-06-18T22:29:37 EDT" skipped="0">
  <testcase classname="testNGbasics.Annotations" name="test2" time="0.158"/>
  <testcase classname="testNGbasics.Annotations" name="test1" time="0.029"/>
</testsuite> <!-- testNGbasics.Annotations -->
